\BOOKMARK [0][-]{chapter.1}{\376\377\0001\000\040\000E\000S\000P\0008\0002\0006\0006\000\040\000W\000i\000F\000i\000\040\000m\000o\000d\000u\000l\000e}{}% 1
\BOOKMARK [0][-]{chapter.2}{\376\377\0002\000\040\000M\000o\000d\000u\000l\000e\000\040\000I\000n\000d\000e\000x}{}% 2
\BOOKMARK [1][-]{section.2.1}{\376\377\0002\000.\0001\000\040\000M\000o\000d\000u\000l\000e\000s}{chapter.2}% 3
\BOOKMARK [0][-]{chapter.3}{\376\377\0003\000\040\000D\000a\000t\000a\000\040\000S\000t\000r\000u\000c\000t\000u\000r\000e\000\040\000I\000n\000d\000e\000x}{}% 4
\BOOKMARK [1][-]{section.3.1}{\376\377\0003\000.\0001\000\040\000D\000a\000t\000a\000\040\000S\000t\000r\000u\000c\000t\000u\000r\000e\000s}{chapter.3}% 5
\BOOKMARK [0][-]{chapter.4}{\376\377\0004\000\040\000F\000i\000l\000e\000\040\000I\000n\000d\000e\000x}{}% 6
\BOOKMARK [1][-]{section.4.1}{\376\377\0004\000.\0001\000\040\000F\000i\000l\000e\000\040\000L\000i\000s\000t}{chapter.4}% 7
\BOOKMARK [0][-]{chapter.5}{\376\377\0005\000\040\000M\000o\000d\000u\000l\000e\000\040\000D\000o\000c\000u\000m\000e\000n\000t\000a\000t\000i\000o\000n}{}% 8
\BOOKMARK [1][-]{section.5.1}{\376\377\0005\000.\0001\000\040\000W\000I\000F\000I\000\040\000L\000i\000b\000r\000a\000r\000y}{chapter.5}% 9
\BOOKMARK [2][-]{subsection.5.1.1}{\376\377\0005\000.\0001\000.\0001\000\040\000D\000e\000t\000a\000i\000l\000e\000d\000\040\000D\000e\000s\000c\000r\000i\000p\000t\000i\000o\000n}{section.5.1}% 10
\BOOKMARK [2][-]{subsection.5.1.2}{\376\377\0005\000.\0001\000.\0002\000\040\000M\000a\000c\000r\000o\000\040\000D\000e\000f\000i\000n\000i\000t\000i\000o\000n\000\040\000D\000o\000c\000u\000m\000e\000n\000t\000a\000t\000i\000o\000n}{section.5.1}% 11
\BOOKMARK [3][-]{subsubsection.5.1.2.1}{\376\377\0005\000.\0001\000.\0002\000.\0001\000\040\000A\000C\000C\000E\000S\000S\000P\000O\000I\000N\000T}{subsection.5.1.2}% 12
\BOOKMARK [3][-]{subsubsection.5.1.2.2}{\376\377\0005\000.\0001\000.\0002\000.\0002\000\040\000A\000P\000I\000\137\000W\000R\000I\000T\000E\000\137\000K\000E\000Y}{subsection.5.1.2}% 13
\BOOKMARK [3][-]{subsubsection.5.1.2.3}{\376\377\0005\000.\0001\000.\0002\000.\0003\000\040\000B\000O\000T\000H\000\137\000S\000T\000A\000T\000I\000O\000N\000\137\000A\000N\000D\000\137\000A\000C\000C\000E\000S\000P\000O\000I\000N\000T}{subsection.5.1.2}% 14
\BOOKMARK [3][-]{subsubsection.5.1.2.4}{\376\377\0005\000.\0001\000.\0002\000.\0004\000\040\000C\000H\000A\000N\000N\000E\000L\000\137\000I\000D}{subsection.5.1.2}% 15
\BOOKMARK [3][-]{subsubsection.5.1.2.5}{\376\377\0005\000.\0001\000.\0002\000.\0005\000\040\000D\000E\000F\000A\000U\000L\000T\000\137\000B\000U\000F\000F\000E\000R\000\137\000S\000I\000Z\000E}{subsection.5.1.2}% 16
\BOOKMARK [3][-]{subsubsection.5.1.2.6}{\376\377\0005\000.\0001\000.\0002\000.\0006\000\040\000D\000E\000F\000A\000U\000L\000T\000\137\000T\000I\000M\000E\000O\000U\000T}{subsection.5.1.2}% 17
\BOOKMARK [3][-]{subsubsection.5.1.2.7}{\376\377\0005\000.\0001\000.\0002\000.\0007\000\040\000D\000O\000M\000A\000I\000N}{subsection.5.1.2}% 18
\BOOKMARK [3][-]{subsubsection.5.1.2.8}{\376\377\0005\000.\0001\000.\0002\000.\0008\000\040\000E\000S\000P\0008\0002\0006\0006\000\137\000H\000\137}{subsection.5.1.2}% 19
\BOOKMARK [3][-]{subsubsection.5.1.2.9}{\376\377\0005\000.\0001\000.\0002\000.\0009\000\040\000F\000\137\000C\000P\000U}{subsection.5.1.2}% 20
\BOOKMARK [3][-]{subsubsection.5.1.2.10}{\376\377\0005\000.\0001\000.\0002\000.\0001\0000\000\040\000M\000U\000L\000T\000I\000P\000L\000E}{subsection.5.1.2}% 21
\BOOKMARK [3][-]{subsubsection.5.1.2.11}{\376\377\0005\000.\0001\000.\0002\000.\0001\0001\000\040\000N\000O\000R\000M\000A\000L}{subsection.5.1.2}% 22
\BOOKMARK [3][-]{subsubsection.5.1.2.12}{\376\377\0005\000.\0001\000.\0002\000.\0001\0002\000\040\000P\000A\000S\000S\000W\000O\000R\000D}{subsection.5.1.2}% 23
\BOOKMARK [3][-]{subsubsection.5.1.2.13}{\376\377\0005\000.\0001\000.\0002\000.\0001\0003\000\040\000P\000O\000R\000T}{subsection.5.1.2}% 24
\BOOKMARK [3][-]{subsubsection.5.1.2.14}{\376\377\0005\000.\0001\000.\0002\000.\0001\0004\000\040\000S\000I\000N\000G\000L\000E}{subsection.5.1.2}% 25
\BOOKMARK [3][-]{subsubsection.5.1.2.15}{\376\377\0005\000.\0001\000.\0002\000.\0001\0005\000\040\000S\000R\000E\000G}{subsection.5.1.2}% 26
\BOOKMARK [3][-]{subsubsection.5.1.2.16}{\376\377\0005\000.\0001\000.\0002\000.\0001\0006\000\040\000S\000S\000I\000D}{subsection.5.1.2}% 27
\BOOKMARK [3][-]{subsubsection.5.1.2.17}{\376\377\0005\000.\0001\000.\0002\000.\0001\0007\000\040\000S\000T\000A\000T\000I\000O\000N}{subsection.5.1.2}% 28
\BOOKMARK [3][-]{subsubsection.5.1.2.18}{\376\377\0005\000.\0001\000.\0002\000.\0001\0008\000\040\000T\000R\000A\000N\000S\000P\000E\000R\000A\000N\000T}{subsection.5.1.2}% 29
\BOOKMARK [2][-]{subsection.5.1.3}{\376\377\0005\000.\0001\000.\0003\000\040\000E\000n\000u\000m\000e\000r\000a\000t\000i\000o\000n\000\040\000T\000y\000p\000e\000\040\000D\000o\000c\000u\000m\000e\000n\000t\000a\000t\000i\000o\000n}{section.5.1}% 30
\BOOKMARK [3][-]{subsubsection.5.1.3.1}{\376\377\0005\000.\0001\000.\0003\000.\0001\000\040\000E\000S\000P\0008\0002\0006\0006\000\137\000C\000O\000N\000N\000E\000C\000T\000\137\000S\000T\000A\000T\000U\000S}{subsection.5.1.3}% 31
\BOOKMARK [3][-]{subsubsection.5.1.3.2}{\376\377\0005\000.\0001\000.\0003\000.\0002\000\040\000E\000S\000P\0008\0002\0006\0006\000\137\000J\000O\000I\000N\000A\000P\000\137\000S\000T\000A\000T\000U\000S}{subsection.5.1.3}% 32
\BOOKMARK [3][-]{subsubsection.5.1.3.3}{\376\377\0005\000.\0001\000.\0003\000.\0003\000\040\000E\000S\000P\0008\0002\0006\0006\000\137\000R\000E\000S\000P\000O\000N\000S\000E\000\137\000S\000T\000A\000T\000U\000S}{subsection.5.1.3}% 33
\BOOKMARK [2][-]{subsection.5.1.4}{\376\377\0005\000.\0001\000.\0004\000\040\000F\000u\000n\000c\000t\000i\000o\000n\000\040\000D\000o\000c\000u\000m\000e\000n\000t\000a\000t\000i\000o\000n}{section.5.1}% 34
\BOOKMARK [3][-]{subsubsection.5.1.4.1}{\376\377\0005\000.\0001\000.\0004\000.\0001\000\040\000E\000S\000P\0008\0002\0006\0006\000\137\000A\000p\000p\000l\000i\000c\000a\000t\000i\000o\000n\000M\000o\000d\000e\000\050\000\051}{subsection.5.1.4}% 35
\BOOKMARK [3][-]{subsubsection.5.1.4.2}{\376\377\0005\000.\0001\000.\0004\000.\0002\000\040\000E\000S\000P\0008\0002\0006\0006\000\137\000B\000e\000g\000i\000n\000\050\000\051}{subsection.5.1.4}% 36
\BOOKMARK [3][-]{subsubsection.5.1.4.3}{\376\377\0005\000.\0001\000.\0004\000.\0003\000\040\000E\000S\000P\0008\0002\0006\0006\000\137\000C\000l\000e\000a\000r\000\050\000\051}{subsection.5.1.4}% 37
\BOOKMARK [3][-]{subsubsection.5.1.4.4}{\376\377\0005\000.\0001\000.\0004\000.\0004\000\040\000E\000S\000P\0008\0002\0006\0006\000\137\000C\000l\000o\000s\000e\000\050\000\051}{subsection.5.1.4}% 38
\BOOKMARK [3][-]{subsubsection.5.1.4.5}{\376\377\0005\000.\0001\000.\0004\000.\0005\000\040\000E\000S\000P\0008\0002\0006\0006\000\137\000c\000o\000n\000n\000e\000c\000t\000e\000d\000\050\000\051}{subsection.5.1.4}% 39
\BOOKMARK [3][-]{subsubsection.5.1.4.6}{\376\377\0005\000.\0001\000.\0004\000.\0006\000\040\000E\000S\000P\0008\0002\0006\0006\000\137\000C\000o\000n\000n\000e\000c\000t\000i\000o\000n\000M\000o\000d\000e\000\050\000\051}{subsection.5.1.4}% 40
\BOOKMARK [3][-]{subsubsection.5.1.4.7}{\376\377\0005\000.\0001\000.\0004\000.\0007\000\040\000E\000S\000P\0008\0002\0006\0006\000\137\000D\000a\000t\000a\000A\000v\000a\000i\000l\000a\000b\000l\000e\000\050\000\051}{subsection.5.1.4}% 41
\BOOKMARK [3][-]{subsubsection.5.1.4.8}{\376\377\0005\000.\0001\000.\0004\000.\0008\000\040\000E\000S\000P\0008\0002\0006\0006\000\137\000D\000a\000t\000a\000R\000e\000a\000d\000\050\000\051}{subsection.5.1.4}% 42
\BOOKMARK [3][-]{subsubsection.5.1.4.9}{\376\377\0005\000.\0001\000.\0004\000.\0009\000\040\000E\000S\000P\0008\0002\0006\0006\000\137\000J\000o\000i\000n\000A\000c\000c\000e\000s\000s\000P\000o\000i\000n\000t\000\050\000\051}{subsection.5.1.4}% 43
\BOOKMARK [3][-]{subsubsection.5.1.4.10}{\376\377\0005\000.\0001\000.\0004\000.\0001\0000\000\040\000E\000S\000P\0008\0002\0006\0006\000\137\000S\000e\000n\000d\000\050\000\051}{subsection.5.1.4}% 44
\BOOKMARK [3][-]{subsubsection.5.1.4.11}{\376\377\0005\000.\0001\000.\0004\000.\0001\0001\000\040\000E\000S\000P\0008\0002\0006\0006\000\137\000S\000t\000a\000r\000t\000\050\000\051}{subsection.5.1.4}% 45
\BOOKMARK [3][-]{subsubsection.5.1.4.12}{\376\377\0005\000.\0001\000.\0004\000.\0001\0002\000\040\000E\000S\000P\0008\0002\0006\0006\000\137\000S\000t\000a\000r\000t\000S\000e\000r\000v\000e\000r\000\050\000\051}{subsection.5.1.4}% 46
\BOOKMARK [3][-]{subsubsection.5.1.4.13}{\376\377\0005\000.\0001\000.\0004\000.\0001\0003\000\040\000E\000S\000P\0008\0002\0006\0006\000\137\000S\000t\000o\000p\000S\000e\000r\000v\000e\000r\000\050\000\051}{subsection.5.1.4}% 47
\BOOKMARK [3][-]{subsubsection.5.1.4.14}{\376\377\0005\000.\0001\000.\0004\000.\0001\0004\000\040\000E\000S\000P\0008\0002\0006\0006\000\137\000W\000I\000F\000I\000M\000o\000d\000e\000\050\000\051}{subsection.5.1.4}% 48
\BOOKMARK [3][-]{subsubsection.5.1.4.15}{\376\377\0005\000.\0001\000.\0004\000.\0001\0005\000\040\000G\000e\000t\000R\000e\000s\000p\000o\000n\000s\000e\000B\000o\000d\000y\000\050\000\051}{subsection.5.1.4}% 49
\BOOKMARK [3][-]{subsubsection.5.1.4.16}{\376\377\0005\000.\0001\000.\0004\000.\0001\0006\000\040\000R\000e\000a\000d\000\137\000D\000a\000t\000a\000\050\000\051}{subsection.5.1.4}% 50
\BOOKMARK [3][-]{subsubsection.5.1.4.17}{\376\377\0005\000.\0001\000.\0004\000.\0001\0007\000\040\000R\000e\000a\000d\000\137\000R\000e\000s\000p\000o\000n\000s\000e\000\050\000\051}{subsection.5.1.4}% 51
\BOOKMARK [3][-]{subsubsection.5.1.4.18}{\376\377\0005\000.\0001\000.\0004\000.\0001\0008\000\040\000S\000e\000n\000d\000A\000T\000a\000n\000d\000E\000x\000p\000e\000c\000t\000R\000e\000s\000p\000o\000n\000s\000e\000\050\000\051}{subsection.5.1.4}% 52
\BOOKMARK [3][-]{subsubsection.5.1.4.19}{\376\377\0005\000.\0001\000.\0004\000.\0001\0009\000\040\000S\000t\000a\000r\000t\000\137\000R\000e\000a\000d\000\137\000R\000e\000s\000p\000o\000n\000s\000e\000\050\000\051}{subsection.5.1.4}% 53
\BOOKMARK [3][-]{subsubsection.5.1.4.20}{\376\377\0005\000.\0001\000.\0004\000.\0002\0000\000\040\000W\000a\000i\000t\000F\000o\000r\000E\000x\000p\000e\000c\000t\000e\000d\000R\000e\000s\000p\000o\000n\000s\000e\000\050\000\051}{subsection.5.1.4}% 54
\BOOKMARK [1][-]{section.5.2}{\376\377\0005\000.\0002\000\040\000I\0002\000C\000\040\000M\000a\000s\000t\000e\000r\000\040\000l\000i\000b\000r\000a\000r\000y}{chapter.5}% 55
\BOOKMARK [2][-]{subsection.5.2.1}{\376\377\0005\000.\0002\000.\0001\000\040\000D\000e\000t\000a\000i\000l\000e\000d\000\040\000D\000e\000s\000c\000r\000i\000p\000t\000i\000o\000n}{section.5.2}% 56
\BOOKMARK [2][-]{subsection.5.2.2}{\376\377\0005\000.\0002\000.\0002\000\040\000M\000a\000c\000r\000o\000\040\000D\000e\000f\000i\000n\000i\000t\000i\000o\000n\000\040\000D\000o\000c\000u\000m\000e\000n\000t\000a\000t\000i\000o\000n}{section.5.2}% 57
\BOOKMARK [3][-]{subsubsection.5.2.2.1}{\376\377\0005\000.\0002\000.\0002\000.\0001\000\040\000I\0002\000C\000\137\000R\000E\000A\000D}{subsection.5.2.2}% 58
\BOOKMARK [3][-]{subsubsection.5.2.2.2}{\376\377\0005\000.\0002\000.\0002\000.\0002\000\040\000i\0002\000c\000\137\000r\000e\000a\000d}{subsection.5.2.2}% 59
\BOOKMARK [3][-]{subsubsection.5.2.2.3}{\376\377\0005\000.\0002\000.\0002\000.\0003\000\040\000I\0002\000C\000\137\000W\000R\000I\000T\000E}{subsection.5.2.2}% 60
\BOOKMARK [2][-]{subsection.5.2.3}{\376\377\0005\000.\0002\000.\0003\000\040\000F\000u\000n\000c\000t\000i\000o\000n\000\040\000D\000o\000c\000u\000m\000e\000n\000t\000a\000t\000i\000o\000n}{section.5.2}% 61
\BOOKMARK [3][-]{subsubsection.5.2.3.1}{\376\377\0005\000.\0002\000.\0003\000.\0001\000\040\000i\0002\000c\000\137\000i\000n\000i\000t\000\050\000\051}{subsection.5.2.3}% 62
\BOOKMARK [3][-]{subsubsection.5.2.3.2}{\376\377\0005\000.\0002\000.\0003\000.\0002\000\040\000i\0002\000c\000\137\000r\000e\000a\000d\000\050\000\051}{subsection.5.2.3}% 63
\BOOKMARK [3][-]{subsubsection.5.2.3.3}{\376\377\0005\000.\0002\000.\0003\000.\0003\000\040\000i\0002\000c\000\137\000r\000e\000a\000d\000A\000c\000k\000\050\000\051}{subsection.5.2.3}% 64
\BOOKMARK [3][-]{subsubsection.5.2.3.4}{\376\377\0005\000.\0002\000.\0003\000.\0004\000\040\000i\0002\000c\000\137\000r\000e\000a\000d\000N\000a\000k\000\050\000\051}{subsection.5.2.3}% 65
\BOOKMARK [3][-]{subsubsection.5.2.3.5}{\376\377\0005\000.\0002\000.\0003\000.\0005\000\040\000i\0002\000c\000\137\000r\000e\000p\000\137\000s\000t\000a\000r\000t\000\050\000\051}{subsection.5.2.3}% 66
\BOOKMARK [3][-]{subsubsection.5.2.3.6}{\376\377\0005\000.\0002\000.\0003\000.\0006\000\040\000i\0002\000c\000\137\000s\000t\000a\000r\000t\000\050\000\051}{subsection.5.2.3}% 67
\BOOKMARK [3][-]{subsubsection.5.2.3.7}{\376\377\0005\000.\0002\000.\0003\000.\0007\000\040\000i\0002\000c\000\137\000s\000t\000a\000r\000t\000\137\000w\000a\000i\000t\000\050\000\051}{subsection.5.2.3}% 68
\BOOKMARK [3][-]{subsubsection.5.2.3.8}{\376\377\0005\000.\0002\000.\0003\000.\0008\000\040\000i\0002\000c\000\137\000s\000t\000o\000p\000\050\000\051}{subsection.5.2.3}% 69
\BOOKMARK [3][-]{subsubsection.5.2.3.9}{\376\377\0005\000.\0002\000.\0003\000.\0009\000\040\000i\0002\000c\000\137\000w\000r\000i\000t\000e\000\050\000\051}{subsection.5.2.3}% 70
\BOOKMARK [1][-]{section.5.3}{\376\377\0005\000.\0003\000\040\000R\000T\000C\000\040\000L\000i\000b\000r\000a\000r\000y}{chapter.5}% 71
\BOOKMARK [2][-]{subsection.5.3.1}{\376\377\0005\000.\0003\000.\0001\000\040\000D\000e\000t\000a\000i\000l\000e\000d\000\040\000D\000e\000s\000c\000r\000i\000p\000t\000i\000o\000n}{section.5.3}% 72
\BOOKMARK [2][-]{subsection.5.3.2}{\376\377\0005\000.\0003\000.\0002\000\040\000M\000a\000c\000r\000o\000\040\000D\000e\000f\000i\000n\000i\000t\000i\000o\000n\000\040\000D\000o\000c\000u\000m\000e\000n\000t\000a\000t\000i\000o\000n}{section.5.3}% 73
\BOOKMARK [3][-]{subsubsection.5.3.2.1}{\376\377\0005\000.\0003\000.\0002\000.\0001\000\040\000F\000\137\000C\000P\000U}{subsection.5.3.2}% 74
\BOOKMARK [3][-]{subsubsection.5.3.2.2}{\376\377\0005\000.\0003\000.\0002\000.\0002\000\040\000S\000E\000C\000O\000N\000D\000S}{subsection.5.3.2}% 75
\BOOKMARK [3][-]{subsubsection.5.3.2.3}{\376\377\0005\000.\0003\000.\0002\000.\0003\000\040\000S\000L\000A\000V\000E\000\137\000A\000D\000D\000R\000E\000S\000S}{subsection.5.3.2}% 76
\BOOKMARK [2][-]{subsection.5.3.3}{\376\377\0005\000.\0003\000.\0003\000\040\000F\000u\000n\000c\000t\000i\000o\000n\000\040\000D\000o\000c\000u\000m\000e\000n\000t\000a\000t\000i\000o\000n}{section.5.3}% 77
\BOOKMARK [3][-]{subsubsection.5.3.3.1}{\376\377\0005\000.\0003\000.\0003\000.\0001\000\040\000D\000S\0003\0002\0003\0001\000\137\000g\000e\000t\000D\000a\000t\000e\000T\000i\000m\000e\000\050\000\051}{subsection.5.3.3}% 78
\BOOKMARK [3][-]{subsubsection.5.3.3.2}{\376\377\0005\000.\0003\000.\0003\000.\0002\000\040\000D\000S\0003\0002\0003\0001\000\137\000s\000e\000t\000D\000a\000t\000e\000T\000i\000m\000e\000\050\000\051}{subsection.5.3.3}% 79
\BOOKMARK [2][-]{subsection.5.3.4}{\376\377\0005\000.\0003\000.\0004\000\040\000V\000a\000r\000i\000a\000b\000l\000e\000\040\000D\000o\000c\000u\000m\000e\000n\000t\000a\000t\000i\000o\000n}{section.5.3}% 80
\BOOKMARK [3][-]{subsubsection.5.3.4.1}{\376\377\0005\000.\0003\000.\0004\000.\0001\000\040\000D\000a\000t\000e}{subsection.5.3.4}% 81
\BOOKMARK [3][-]{subsubsection.5.3.4.2}{\376\377\0005\000.\0003\000.\0004\000.\0002\000\040\000D\000a\000y}{subsection.5.3.4}% 82
\BOOKMARK [3][-]{subsubsection.5.3.4.3}{\376\377\0005\000.\0003\000.\0004\000.\0003\000\040\000H\000o\000u\000r}{subsection.5.3.4}% 83
\BOOKMARK [3][-]{subsubsection.5.3.4.4}{\376\377\0005\000.\0003\000.\0004\000.\0004\000\040\000M\000i\000n\000u\000t\000e}{subsection.5.3.4}% 84
\BOOKMARK [3][-]{subsubsection.5.3.4.5}{\376\377\0005\000.\0003\000.\0004\000.\0005\000\040\000M\000o\000n\000t\000h}{subsection.5.3.4}% 85
\BOOKMARK [3][-]{subsubsection.5.3.4.6}{\376\377\0005\000.\0003\000.\0004\000.\0006\000\040\000S\000e\000c\000o\000n\000d}{subsection.5.3.4}% 86
\BOOKMARK [3][-]{subsubsection.5.3.4.7}{\376\377\0005\000.\0003\000.\0004\000.\0007\000\040\000Y\000e\000a\000r}{subsection.5.3.4}% 87
\BOOKMARK [0][-]{chapter.6}{\376\377\0006\000\040\000D\000a\000t\000a\000\040\000S\000t\000r\000u\000c\000t\000u\000r\000e\000\040\000D\000o\000c\000u\000m\000e\000n\000t\000a\000t\000i\000o\000n}{}% 88
\BOOKMARK [1][-]{section.6.1}{\376\377\0006\000.\0001\000\040\000D\000a\000t\000e\000T\000i\000m\000e\000\040\000S\000t\000r\000u\000c\000t\000\040\000R\000e\000f\000e\000r\000e\000n\000c\000e}{chapter.6}% 89
\BOOKMARK [2][-]{subsection.6.1.1}{\376\377\0006\000.\0001\000.\0001\000\040\000D\000e\000t\000a\000i\000l\000e\000d\000\040\000D\000e\000s\000c\000r\000i\000p\000t\000i\000o\000n}{section.6.1}% 90
\BOOKMARK [1][-]{section.6.2}{\376\377\0006\000.\0002\000\040\000D\000H\000T\0001\0001\000\040\000S\000t\000r\000u\000c\000t\000\040\000R\000e\000f\000e\000r\000e\000n\000c\000e}{chapter.6}% 91
\BOOKMARK [2][-]{subsection.6.2.1}{\376\377\0006\000.\0002\000.\0001\000\040\000D\000e\000t\000a\000i\000l\000e\000d\000\040\000D\000e\000s\000c\000r\000i\000p\000t\000i\000o\000n}{section.6.2}% 92
\BOOKMARK [2][-]{subsection.6.2.2}{\376\377\0006\000.\0002\000.\0002\000\040\000F\000i\000e\000l\000d\000\040\000D\000o\000c\000u\000m\000e\000n\000t\000a\000t\000i\000o\000n}{section.6.2}% 93
\BOOKMARK [3][-]{subsubsection.6.2.2.1}{\376\377\0006\000.\0002\000.\0002\000.\0001\000\040\000H\000u\000m\000i\000d\000i\000t\000y}{subsection.6.2.2}% 94
\BOOKMARK [3][-]{subsubsection.6.2.2.2}{\376\377\0006\000.\0002\000.\0002\000.\0002\000\040\000T\000e\000m\000p\000e\000r\000a\000t\000u\000r}{subsection.6.2.2}% 95
\BOOKMARK [0][-]{chapter.7}{\376\377\0007\000\040\000F\000i\000l\000e\000\040\000D\000o\000c\000u\000m\000e\000n\000t\000a\000t\000i\000o\000n}{}% 96
\BOOKMARK [1][-]{section.7.1}{\376\377\0007\000.\0001\000\040\000D\000C\000\137\000M\000o\000t\000o\000r\000/\000D\000C\000L\000i\000b\000r\000a\000r\000y\000.\000c\000\040\000F\000i\000l\000e\000\040\000R\000e\000f\000e\000r\000e\000n\000c\000e}{chapter.7}% 97
\BOOKMARK [2][-]{subsection.7.1.1}{\376\377\0007\000.\0001\000.\0001\000\040\000M\000a\000c\000r\000o\000\040\000D\000e\000f\000i\000n\000i\000t\000i\000o\000n\000\040\000D\000o\000c\000u\000m\000e\000n\000t\000a\000t\000i\000o\000n}{section.7.1}% 98
\BOOKMARK [3][-]{subsubsection.7.1.1.1}{\376\377\0007\000.\0001\000.\0001\000.\0001\000\040\000F\000\137\000C\000P\000U}{subsection.7.1.1}% 99
\BOOKMARK [2][-]{subsection.7.1.2}{\376\377\0007\000.\0001\000.\0002\000\040\000F\000u\000n\000c\000t\000i\000o\000n\000\040\000D\000o\000c\000u\000m\000e\000n\000t\000a\000t\000i\000o\000n}{section.7.1}% 100
\BOOKMARK [3][-]{subsubsection.7.1.2.1}{\376\377\0007\000.\0001\000.\0002\000.\0001\000\040\000D\000C\000M\000o\000t\000o\000r\000\137\000i\000n\000i\000t\000\050\000\051}{subsection.7.1.2}% 101
\BOOKMARK [3][-]{subsubsection.7.1.2.2}{\376\377\0007\000.\0001\000.\0002\000.\0002\000\040\000S\000t\000a\000r\000t\000\137\000F\000a\000n\000\050\000\051}{subsection.7.1.2}% 102
\BOOKMARK [3][-]{subsubsection.7.1.2.3}{\376\377\0007\000.\0001\000.\0002\000.\0003\000\040\000S\000t\000o\000p\000\137\000F\000a\000n\000\050\000\051}{subsection.7.1.2}% 103
\BOOKMARK [1][-]{section.7.2}{\376\377\0007\000.\0002\000\040\000D\000C\000\137\000M\000o\000t\000o\000r\000/\000D\000C\000L\000i\000b\000r\000a\000r\000y\000.\000h\000\040\000F\000i\000l\000e\000\040\000R\000e\000f\000e\000r\000e\000n\000c\000e}{chapter.7}% 104
\BOOKMARK [2][-]{subsection.7.2.1}{\376\377\0007\000.\0002\000.\0001\000\040\000M\000a\000c\000r\000o\000\040\000D\000e\000f\000i\000n\000i\000t\000i\000o\000n\000\040\000D\000o\000c\000u\000m\000e\000n\000t\000a\000t\000i\000o\000n}{section.7.2}% 105
\BOOKMARK [3][-]{subsubsection.7.2.1.1}{\376\377\0007\000.\0002\000.\0001\000.\0001\000\040\000F\000a\000n\000\137\000S\000t\000a\000r\000t}{subsection.7.2.1}% 106
\BOOKMARK [3][-]{subsubsection.7.2.1.2}{\376\377\0007\000.\0002\000.\0001\000.\0002\000\040\000F\000a\000n\000\137\000S\000t\000o\000p}{subsection.7.2.1}% 107
\BOOKMARK [2][-]{subsection.7.2.2}{\376\377\0007\000.\0002\000.\0002\000\040\000F\000u\000n\000c\000t\000i\000o\000n\000\040\000D\000o\000c\000u\000m\000e\000n\000t\000a\000t\000i\000o\000n}{section.7.2}% 108
\BOOKMARK [3][-]{subsubsection.7.2.2.1}{\376\377\0007\000.\0002\000.\0002\000.\0001\000\040\000D\000C\000M\000o\000t\000o\000r\000\137\000i\000n\000i\000t\000\050\000\051}{subsection.7.2.2}% 109
\BOOKMARK [3][-]{subsubsection.7.2.2.2}{\376\377\0007\000.\0002\000.\0002\000.\0002\000\040\000S\000t\000a\000r\000t\000\137\000F\000a\000n\000\050\000\051}{subsection.7.2.2}% 110
\BOOKMARK [3][-]{subsubsection.7.2.2.3}{\376\377\0007\000.\0002\000.\0002\000.\0003\000\040\000S\000t\000o\000p\000\137\000F\000a\000n\000\050\000\051}{subsection.7.2.2}% 111
\BOOKMARK [1][-]{section.7.3}{\376\377\0007\000.\0003\000\040\000D\000C\000l\000i\000b\000/\000D\000C\000l\000i\000b\000r\000a\000r\000y\000.\000c\000\040\000F\000i\000l\000e\000\040\000R\000e\000f\000e\000r\000e\000n\000c\000e}{chapter.7}% 112
\BOOKMARK [2][-]{subsection.7.3.1}{\376\377\0007\000.\0003\000.\0001\000\040\000M\000a\000c\000r\000o\000\040\000D\000e\000f\000i\000n\000i\000t\000i\000o\000n\000\040\000D\000o\000c\000u\000m\000e\000n\000t\000a\000t\000i\000o\000n}{section.7.3}% 113
\BOOKMARK [3][-]{subsubsection.7.3.1.1}{\376\377\0007\000.\0003\000.\0001\000.\0001\000\040\000F\000\137\000C\000P\000U}{subsection.7.3.1}% 114
\BOOKMARK [2][-]{subsection.7.3.2}{\376\377\0007\000.\0003\000.\0002\000\040\000F\000u\000n\000c\000t\000i\000o\000n\000\040\000D\000o\000c\000u\000m\000e\000n\000t\000a\000t\000i\000o\000n}{section.7.3}% 115
\BOOKMARK [3][-]{subsubsection.7.3.2.1}{\376\377\0007\000.\0003\000.\0002\000.\0001\000\040\000D\000C\000M\000o\000t\000o\000r\000\137\000i\000n\000i\000t\000\050\000\051}{subsection.7.3.2}% 116
\BOOKMARK [3][-]{subsubsection.7.3.2.2}{\376\377\0007\000.\0003\000.\0002\000.\0002\000\040\000S\000e\000t\000\137\000S\000p\000e\000e\000d\000\050\000\051}{subsection.7.3.2}% 117
\BOOKMARK [3][-]{subsubsection.7.3.2.3}{\376\377\0007\000.\0003\000.\0002\000.\0003\000\040\000S\000t\000a\000r\000t\000\137\000F\000a\000n\000\050\000\051}{subsection.7.3.2}% 118
\BOOKMARK [3][-]{subsubsection.7.3.2.4}{\376\377\0007\000.\0003\000.\0002\000.\0004\000\040\000S\000t\000o\000p\000\137\000F\000a\000n\000\050\000\051}{subsection.7.3.2}% 119
\BOOKMARK [1][-]{section.7.4}{\376\377\0007\000.\0004\000\040\000D\000C\000l\000i\000b\000/\000D\000C\000l\000i\000b\000r\000a\000r\000y\000.\000h\000\040\000F\000i\000l\000e\000\040\000R\000e\000f\000e\000r\000e\000n\000c\000e}{chapter.7}% 120
\BOOKMARK [2][-]{subsection.7.4.1}{\376\377\0007\000.\0004\000.\0001\000\040\000M\000a\000c\000r\000o\000\040\000D\000e\000f\000i\000n\000i\000t\000i\000o\000n\000\040\000D\000o\000c\000u\000m\000e\000n\000t\000a\000t\000i\000o\000n}{section.7.4}% 121
\BOOKMARK [3][-]{subsubsection.7.4.1.1}{\376\377\0007\000.\0004\000.\0001\000.\0001\000\040\000F\000\137\000C\000P\000U}{subsection.7.4.1}% 122
\BOOKMARK [3][-]{subsubsection.7.4.1.2}{\376\377\0007\000.\0004\000.\0001\000.\0002\000\040\000F\000a\000n}{subsection.7.4.1}% 123
\BOOKMARK [3][-]{subsubsection.7.4.1.3}{\376\377\0007\000.\0004\000.\0001\000.\0003\000\040\000S\000t\000o\000p}{subsection.7.4.1}% 124
\BOOKMARK [2][-]{subsection.7.4.2}{\376\377\0007\000.\0004\000.\0002\000\040\000F\000u\000n\000c\000t\000i\000o\000n\000\040\000D\000o\000c\000u\000m\000e\000n\000t\000a\000t\000i\000o\000n}{section.7.4}% 125
\BOOKMARK [3][-]{subsubsection.7.4.2.1}{\376\377\0007\000.\0004\000.\0002\000.\0001\000\040\000D\000C\000M\000o\000t\000o\000r\000\137\000i\000n\000i\000t\000\050\000\051}{subsection.7.4.2}% 126
\BOOKMARK [3][-]{subsubsection.7.4.2.2}{\376\377\0007\000.\0004\000.\0002\000.\0002\000\040\000S\000e\000t\000\137\000S\000p\000e\000e\000d\000\050\000\051}{subsection.7.4.2}% 127
\BOOKMARK [3][-]{subsubsection.7.4.2.3}{\376\377\0007\000.\0004\000.\0002\000.\0003\000\040\000S\000t\000a\000r\000t\000\137\000F\000a\000n\000\050\000\051}{subsection.7.4.2}% 128
\BOOKMARK [3][-]{subsubsection.7.4.2.4}{\376\377\0007\000.\0004\000.\0002\000.\0004\000\040\000S\000t\000o\000p\000\137\000F\000a\000n\000\050\000\051}{subsection.7.4.2}% 129
\BOOKMARK [2][-]{subsection.7.4.3}{\376\377\0007\000.\0004\000.\0003\000\040\000V\000a\000r\000i\000a\000b\000l\000e\000\040\000D\000o\000c\000u\000m\000e\000n\000t\000a\000t\000i\000o\000n}{section.7.4}% 130
\BOOKMARK [3][-]{subsubsection.7.4.3.1}{\376\377\0007\000.\0004\000.\0003\000.\0001\000\040\000S\000p\000e\000e\000d}{subsection.7.4.3}% 131
\BOOKMARK [1][-]{section.7.5}{\376\377\0007\000.\0005\000\040\000D\000H\000T\0001\0001\000l\000i\000b\000/\000D\000e\000b\000u\000g\000/\000D\000H\000T\0001\0001\000l\000i\000b\000r\000a\000r\000y\000.\000d\000\040\000F\000i\000l\000e\000\040\000R\000e\000f\000e\000r\000e\000n\000c\000e}{chapter.7}% 132
\BOOKMARK [1][-]{section.7.6}{\376\377\0007\000.\0006\000\040\000D\000H\000T\0001\0001\000l\000i\000b\000/\000D\000H\000T\0001\0001\000l\000i\000b\000r\000a\000r\000y\000.\000c\000\040\000F\000i\000l\000e\000\040\000R\000e\000f\000e\000r\000e\000n\000c\000e}{chapter.7}% 133
\BOOKMARK [2][-]{subsection.7.6.1}{\376\377\0007\000.\0006\000.\0001\000\040\000M\000a\000c\000r\000o\000\040\000D\000e\000f\000i\000n\000i\000t\000i\000o\000n\000\040\000D\000o\000c\000u\000m\000e\000n\000t\000a\000t\000i\000o\000n}{section.7.6}% 134
\BOOKMARK [3][-]{subsubsection.7.6.1.1}{\376\377\0007\000.\0006\000.\0001\000.\0001\000\040\000F\000\137\000C\000P\000U}{subsection.7.6.1}% 135
\BOOKMARK [3][-]{subsubsection.7.6.1.2}{\376\377\0007\000.\0006\000.\0001\000.\0002\000\040\000L\000E\000D\000\137\000O\000N}{subsection.7.6.1}% 136
\BOOKMARK [3][-]{subsubsection.7.6.1.3}{\376\377\0007\000.\0006\000.\0001\000.\0003\000\040\000L\000E\000D\000\137\000T\000O\000O\000G\000L\000E}{subsection.7.6.1}% 137
\BOOKMARK [2][-]{subsection.7.6.2}{\376\377\0007\000.\0006\000.\0002\000\040\000F\000u\000n\000c\000t\000i\000o\000n\000\040\000D\000o\000c\000u\000m\000e\000n\000t\000a\000t\000i\000o\000n}{section.7.6}% 138
\BOOKMARK [3][-]{subsubsection.7.6.2.1}{\376\377\0007\000.\0006\000.\0002\000.\0001\000\040\000D\000H\000T\0001\0001\000\137\000i\000n\000i\000t\000\050\000\051}{subsection.7.6.2}% 139
\BOOKMARK [3][-]{subsubsection.7.6.2.2}{\376\377\0007\000.\0006\000.\0002\000.\0002\000\040\000D\000H\000T\0001\0001\000\137\000R\000e\000a\000d\000R\000a\000w\000\050\000\051}{subsection.7.6.2}% 140
\BOOKMARK [3][-]{subsubsection.7.6.2.3}{\376\377\0007\000.\0006\000.\0002\000.\0003\000\040\000D\000H\000T\0001\0001\000\137\000R\000e\000a\000d\000T\000e\000m\000p\000\050\000\051}{subsection.7.6.2}% 141
\BOOKMARK [3][-]{subsubsection.7.6.2.4}{\376\377\0007\000.\0006\000.\0002\000.\0004\000\040\000D\000H\000T\0001\0001\000\137\000r\000e\000s\000e\000t\000\050\000\051}{subsection.7.6.2}% 142
\BOOKMARK [3][-]{subsubsection.7.6.2.5}{\376\377\0007\000.\0006\000.\0002\000.\0005\000\040\000D\000H\000T\0001\0001\000\137\000W\000a\000i\000t\000\050\000\051}{subsection.7.6.2}% 143
\BOOKMARK [1][-]{section.7.7}{\376\377\0007\000.\0007\000\040\000D\000H\000T\0001\0001\000l\000i\000b\000/\000D\000H\000T\0001\0001\000l\000i\000b\000r\000a\000r\000y\000.\000h\000\040\000F\000i\000l\000e\000\040\000R\000e\000f\000e\000r\000e\000n\000c\000e}{chapter.7}% 144
\BOOKMARK [2][-]{subsection.7.7.1}{\376\377\0007\000.\0007\000.\0001\000\040\000M\000a\000c\000r\000o\000\040\000D\000e\000f\000i\000n\000i\000t\000i\000o\000n\000\040\000D\000o\000c\000u\000m\000e\000n\000t\000a\000t\000i\000o\000n}{section.7.7}% 145
\BOOKMARK [3][-]{subsubsection.7.7.1.1}{\376\377\0007\000.\0007\000.\0001\000.\0001\000\040\000C\000L\000R\000\137\000B\000I\000T}{subsection.7.7.1}% 146
\BOOKMARK [3][-]{subsubsection.7.7.1.2}{\376\377\0007\000.\0007\000.\0001\000.\0002\000\040\000D\000H\000T\0001\0001\000\137\000B\000I\000T}{subsection.7.7.1}% 147
\BOOKMARK [3][-]{subsubsection.7.7.1.3}{\376\377\0007\000.\0007\000.\0001\000.\0003\000\040\000D\000H\000T\0001\0001\000\137\000D\000D\000R}{subsection.7.7.1}% 148
\BOOKMARK [3][-]{subsubsection.7.7.1.4}{\376\377\0007\000.\0007\000.\0001\000.\0004\000\040\000D\000H\000T\0001\0001\000\137\000P\000I\000N}{subsection.7.7.1}% 149
\BOOKMARK [3][-]{subsubsection.7.7.1.5}{\376\377\0007\000.\0007\000.\0001\000.\0005\000\040\000D\000H\000T\0001\0001\000\137\000P\000O\000R\000T}{subsection.7.7.1}% 150
\BOOKMARK [3][-]{subsubsection.7.7.1.6}{\376\377\0007\000.\0007\000.\0001\000.\0006\000\040\000F\000\137\000C\000P\000U}{subsection.7.7.1}% 151
\BOOKMARK [3][-]{subsubsection.7.7.1.7}{\376\377\0007\000.\0007\000.\0001\000.\0007\000\040\000S\000E\000T\000\137\000B\000I\000T}{subsection.7.7.1}% 152
\BOOKMARK [2][-]{subsection.7.7.2}{\376\377\0007\000.\0007\000.\0002\000\040\000F\000u\000n\000c\000t\000i\000o\000n\000\040\000D\000o\000c\000u\000m\000e\000n\000t\000a\000t\000i\000o\000n}{section.7.7}% 153
\BOOKMARK [3][-]{subsubsection.7.7.2.1}{\376\377\0007\000.\0007\000.\0002\000.\0001\000\040\000D\000H\000T\0001\0001\000\137\000i\000n\000i\000t\000\050\000\051}{subsection.7.7.2}% 154
\BOOKMARK [3][-]{subsubsection.7.7.2.2}{\376\377\0007\000.\0007\000.\0002\000.\0002\000\040\000D\000H\000T\0001\0001\000\137\000R\000e\000a\000d\000H\000u\000m\000i\000d\000\050\000\051}{subsection.7.7.2}% 155
\BOOKMARK [3][-]{subsubsection.7.7.2.3}{\376\377\0007\000.\0007\000.\0002\000.\0003\000\040\000D\000H\000T\0001\0001\000\137\000R\000e\000a\000d\000R\000a\000w\000\050\000\051}{subsection.7.7.2}% 156
\BOOKMARK [3][-]{subsubsection.7.7.2.4}{\376\377\0007\000.\0007\000.\0002\000.\0004\000\040\000D\000H\000T\0001\0001\000\137\000R\000e\000a\000d\000T\000e\000m\000p\000\050\000\051}{subsection.7.7.2}% 157
\BOOKMARK [1][-]{section.7.8}{\376\377\0007\000.\0008\000\040\000E\000S\000P\0008\0002\0006\0006\000l\000i\000b\000/\000D\000e\000b\000u\000g\000/\000E\000S\000P\0008\0002\0006\0006\000.\000d\000\040\000F\000i\000l\000e\000\040\000R\000e\000f\000e\000r\000e\000n\000c\000e}{chapter.7}% 158
\BOOKMARK [1][-]{section.7.9}{\376\377\0007\000.\0009\000\040\000E\000S\000P\0008\0002\0006\0006\000l\000i\000b\000/\000D\000e\000b\000u\000g\000/\000U\000S\000A\000R\000T\000/\000U\000S\000A\000R\000T\000\137\000R\000S\0002\0003\0002\000\137\000C\000\137\000f\000i\000l\000e\000.\000d\000\040\000F\000i\000l\000e\000\040\000R\000e\000f\000e\000r\000e\000n\000c\000e}{chapter.7}% 159
\BOOKMARK [1][-]{section.7.10}{\376\377\0007\000.\0001\0000\000\040\000E\000S\000P\0008\0002\0006\0006\000l\000i\000b\000/\000E\000S\000P\0008\0002\0006\0006\000.\000c\000\040\000F\000i\000l\000e\000\040\000R\000e\000f\000e\000r\000e\000n\000c\000e}{chapter.7}% 160
\BOOKMARK [2][-]{subsection.7.10.1}{\376\377\0007\000.\0001\0000\000.\0001\000\040\000M\000a\000c\000r\000o\000\040\000D\000e\000f\000i\000n\000i\000t\000i\000o\000n\000\040\000D\000o\000c\000u\000m\000e\000n\000t\000a\000t\000i\000o\000n}{section.7.10}% 161
\BOOKMARK [3][-]{subsubsection.7.10.1.1}{\376\377\0007\000.\0001\0000\000.\0001\000.\0001\000\040\000F\000\137\000C\000P\000U}{subsection.7.10.1}% 162
\BOOKMARK [2][-]{subsection.7.10.2}{\376\377\0007\000.\0001\0000\000.\0002\000\040\000F\000u\000n\000c\000t\000i\000o\000n\000\040\000D\000o\000c\000u\000m\000e\000n\000t\000a\000t\000i\000o\000n}{section.7.10}% 163
\BOOKMARK [3][-]{subsubsection.7.10.2.1}{\376\377\0007\000.\0001\0000\000.\0002\000.\0001\000\040\000I\000S\000R\000\050\000\051}{subsection.7.10.2}% 164
\BOOKMARK [2][-]{subsection.7.10.3}{\376\377\0007\000.\0001\0000\000.\0003\000\040\000V\000a\000r\000i\000a\000b\000l\000e\000\040\000D\000o\000c\000u\000m\000e\000n\000t\000a\000t\000i\000o\000n}{section.7.10}% 165
\BOOKMARK [3][-]{subsubsection.7.10.3.1}{\376\377\0007\000.\0001\0000\000.\0003\000.\0001\000\040\000C\000o\000u\000n\000t\000e\000r}{subsection.7.10.3}% 166
\BOOKMARK [3][-]{subsubsection.7.10.3.2}{\376\377\0007\000.\0001\0000\000.\0003\000.\0002\000\040\000p\000o\000i\000n\000t\000e\000r}{subsection.7.10.3}% 167
\BOOKMARK [3][-]{subsubsection.7.10.3.3}{\376\377\0007\000.\0001\0000\000.\0003\000.\0003\000\040\000R\000E\000S\000P\000O\000N\000S\000E\000\137\000B\000U\000F\000F\000E\000R}{subsection.7.10.3}% 168
\BOOKMARK [3][-]{subsubsection.7.10.3.4}{\376\377\0007\000.\0001\0000\000.\0003\000.\0004\000\040\000R\000e\000s\000p\000o\000n\000s\000e\000\137\000S\000t\000a\000t\000u\000s}{subsection.7.10.3}% 169
\BOOKMARK [3][-]{subsubsection.7.10.3.5}{\376\377\0007\000.\0001\0000\000.\0003\000.\0005\000\040\000T\000i\000m\000e\000O\000u\000t}{subsection.7.10.3}% 170
\BOOKMARK [1][-]{section.7.11}{\376\377\0007\000.\0001\0001\000\040\000E\000S\000P\0008\0002\0006\0006\000l\000i\000b\000/\000E\000S\000P\0008\0002\0006\0006\000.\000h\000\040\000F\000i\000l\000e\000\040\000R\000e\000f\000e\000r\000e\000n\000c\000e}{chapter.7}% 171
\BOOKMARK [1][-]{section.7.12}{\376\377\0007\000.\0001\0002\000\040\000E\000S\000P\0008\0002\0006\0006\000l\000i\000b\000/\000E\000S\000P\0008\0002\0006\0006\000.\000m\000d\000\040\000F\000i\000l\000e\000\040\000R\000e\000f\000e\000r\000e\000n\000c\000e}{chapter.7}% 172
\BOOKMARK [1][-]{section.7.13}{\376\377\0007\000.\0001\0003\000\040\000E\000S\000P\0008\0002\0006\0006\000l\000i\000b\000/\000U\000S\000A\000R\000T\000/\000U\000S\000A\000R\000T\000\137\000R\000S\0002\0003\0002\000\137\000C\000\137\000f\000i\000l\000e\000.\000c\000\040\000F\000i\000l\000e\000\040\000R\000e\000f\000e\000r\000e\000n\000c\000e}{chapter.7}% 173
\BOOKMARK [2][-]{subsection.7.13.1}{\376\377\0007\000.\0001\0003\000.\0001\000\040\000F\000u\000n\000c\000t\000i\000o\000n\000\040\000D\000o\000c\000u\000m\000e\000n\000t\000a\000t\000i\000o\000n}{section.7.13}% 174
\BOOKMARK [3][-]{subsubsection.7.13.1.1}{\376\377\0007\000.\0001\0003\000.\0001\000.\0001\000\040\000U\000S\000A\000R\000T\000\137\000I\000n\000i\000t\000\050\000\051}{subsection.7.13.1}% 175
\BOOKMARK [3][-]{subsubsection.7.13.1.2}{\376\377\0007\000.\0001\0003\000.\0001\000.\0002\000\040\000U\000S\000A\000R\000T\000\137\000R\000x\000C\000h\000a\000r\000\050\000\051}{subsection.7.13.1}% 176
\BOOKMARK [3][-]{subsubsection.7.13.1.3}{\376\377\0007\000.\0001\0003\000.\0001\000.\0003\000\040\000U\000S\000A\000R\000T\000\137\000S\000e\000n\000d\000S\000t\000r\000i\000n\000g\000\050\000\051}{subsection.7.13.1}% 177
\BOOKMARK [3][-]{subsubsection.7.13.1.4}{\376\377\0007\000.\0001\0003\000.\0001\000.\0004\000\040\000U\000S\000A\000R\000T\000\137\000T\000x\000C\000h\000a\000r\000\050\000\051}{subsection.7.13.1}% 178
\BOOKMARK [1][-]{section.7.14}{\376\377\0007\000.\0001\0004\000\040\000E\000S\000P\0008\0002\0006\0006\000l\000i\000b\000/\000U\000S\000A\000R\000T\000/\000U\000S\000A\000R\000T\000\137\000R\000S\0002\0003\0002\000\137\000H\000\137\000f\000i\000l\000e\000.\000h\000\040\000F\000i\000l\000e\000\040\000R\000e\000f\000e\000r\000e\000n\000c\000e}{chapter.7}% 179
\BOOKMARK [2][-]{subsection.7.14.1}{\376\377\0007\000.\0001\0004\000.\0001\000\040\000M\000a\000c\000r\000o\000\040\000D\000e\000f\000i\000n\000i\000t\000i\000o\000n\000\040\000D\000o\000c\000u\000m\000e\000n\000t\000a\000t\000i\000o\000n}{section.7.14}% 180
\BOOKMARK [3][-]{subsubsection.7.14.1.1}{\376\377\0007\000.\0001\0004\000.\0001\000.\0001\000\040\000B\000A\000U\000D\000\137\000P\000R\000E\000S\000C\000A\000L\000E}{subsection.7.14.1}% 181
\BOOKMARK [3][-]{subsubsection.7.14.1.2}{\376\377\0007\000.\0001\0004\000.\0001\000.\0002\000\040\000D\000O\000U\000B\000L\000E\000\137\000S\000P\000E\000E\000D\000\137\000M\000O\000D\000E}{subsection.7.14.1}% 182
\BOOKMARK [3][-]{subsubsection.7.14.1.3}{\376\377\0007\000.\0001\0004\000.\0001\000.\0003\000\040\000F\000\137\000C\000P\000U}{subsection.7.14.1}% 183
\BOOKMARK [2][-]{subsection.7.14.2}{\376\377\0007\000.\0001\0004\000.\0002\000\040\000F\000u\000n\000c\000t\000i\000o\000n\000\040\000D\000o\000c\000u\000m\000e\000n\000t\000a\000t\000i\000o\000n}{section.7.14}% 184
\BOOKMARK [3][-]{subsubsection.7.14.2.1}{\376\377\0007\000.\0001\0004\000.\0002\000.\0001\000\040\000U\000S\000A\000R\000T\000\137\000I\000n\000i\000t\000\050\000\051}{subsection.7.14.2}% 185
\BOOKMARK [3][-]{subsubsection.7.14.2.2}{\376\377\0007\000.\0001\0004\000.\0002\000.\0002\000\040\000U\000S\000A\000R\000T\000\137\000R\000x\000C\000h\000a\000r\000\050\000\051}{subsection.7.14.2}% 186
\BOOKMARK [3][-]{subsubsection.7.14.2.3}{\376\377\0007\000.\0001\0004\000.\0002\000.\0003\000\040\000U\000S\000A\000R\000T\000\137\000S\000e\000n\000d\000S\000t\000r\000i\000n\000g\000\050\000\051}{subsection.7.14.2}% 187
\BOOKMARK [3][-]{subsubsection.7.14.2.4}{\376\377\0007\000.\0001\0004\000.\0002\000.\0004\000\040\000U\000S\000A\000R\000T\000\137\000T\000x\000C\000h\000a\000r\000\050\000\051}{subsection.7.14.2}% 188
\BOOKMARK [1][-]{section.7.15}{\376\377\0007\000.\0001\0005\000\040\000I\0002\000C\000l\000i\000b\000/\000D\000e\000b\000u\000g\000/\000I\0002\000C\000l\000i\000b\000r\000a\000r\000y\000.\000d\000\040\000F\000i\000l\000e\000\040\000R\000e\000f\000e\000r\000e\000n\000c\000e}{chapter.7}% 189
\BOOKMARK [1][-]{section.7.16}{\376\377\0007\000.\0001\0006\000\040\000I\0002\000C\000l\000i\000b\000/\000I\0002\000C\000l\000i\000b\000r\000a\000r\000y\000.\000c\000\040\000F\000i\000l\000e\000\040\000R\000e\000f\000e\000r\000e\000n\000c\000e}{chapter.7}% 190
\BOOKMARK [2][-]{subsection.7.16.1}{\376\377\0007\000.\0001\0006\000.\0001\000\040\000M\000a\000c\000r\000o\000\040\000D\000e\000f\000i\000n\000i\000t\000i\000o\000n\000\040\000D\000o\000c\000u\000m\000e\000n\000t\000a\000t\000i\000o\000n}{section.7.16}% 191
\BOOKMARK [3][-]{subsubsection.7.16.1.1}{\376\377\0007\000.\0001\0006\000.\0001\000.\0001\000\040\000F\000\137\000C\000P\000U}{subsection.7.16.1}% 192
\BOOKMARK [3][-]{subsubsection.7.16.1.2}{\376\377\0007\000.\0001\0006\000.\0001\000.\0002\000\040\000S\000C\000L\000\137\000C\000L\000O\000C\000K}{subsection.7.16.1}% 193
\BOOKMARK [1][-]{section.7.17}{\376\377\0007\000.\0001\0007\000\040\000I\0002\000C\000l\000i\000b\000/\000I\0002\000C\000l\000i\000b\000r\000a\000r\000y\000.\000h\000\040\000F\000i\000l\000e\000\040\000R\000e\000f\000e\000r\000e\000n\000c\000e}{chapter.7}% 194
\BOOKMARK [1][-]{section.7.18}{\376\377\0007\000.\0001\0008\000\040\000M\000a\000s\000t\000e\000r\000/\000D\000e\000b\000u\000g\000/\000m\000a\000i\000n\000.\000d\000\040\000F\000i\000l\000e\000\040\000R\000e\000f\000e\000r\000e\000n\000c\000e}{chapter.7}% 195
\BOOKMARK [1][-]{section.7.19}{\376\377\0007\000.\0001\0009\000\040\000P\000r\000o\000j\000e\000k\000t\000/\000D\000e\000b\000u\000g\000/\000m\000a\000i\000n\000.\000d\000\040\000F\000i\000l\000e\000\040\000R\000e\000f\000e\000r\000e\000n\000c\000e}{chapter.7}% 196
\BOOKMARK [1][-]{section.7.20}{\376\377\0007\000.\0002\0000\000\040\000M\000a\000s\000t\000e\000r\000/\000D\000e\000b\000u\000g\000/\000S\000e\000t\000u\000p\000/\000s\000t\000d\000i\000o\000\137\000s\000e\000t\000u\000p\000.\000d\000\040\000F\000i\000l\000e\000\040\000R\000e\000f\000e\000r\000e\000n\000c\000e}{chapter.7}% 197
\BOOKMARK [1][-]{section.7.21}{\376\377\0007\000.\0002\0001\000\040\000M\000a\000s\000t\000e\000r\000/\000m\000a\000i\000n\000.\000c\000\040\000F\000i\000l\000e\000\040\000R\000e\000f\000e\000r\000e\000n\000c\000e}{chapter.7}% 198
\BOOKMARK [2][-]{subsection.7.21.1}{\376\377\0007\000.\0002\0001\000.\0001\000\040\000M\000a\000c\000r\000o\000\040\000D\000e\000f\000i\000n\000i\000t\000i\000o\000n\000\040\000D\000o\000c\000u\000m\000e\000n\000t\000a\000t\000i\000o\000n}{section.7.21}% 199
\BOOKMARK [3][-]{subsubsection.7.21.1.1}{\376\377\0007\000.\0002\0001\000.\0001\000.\0001\000\040\000F\000\137\000C\000P\000U}{subsection.7.21.1}% 200
\BOOKMARK [3][-]{subsubsection.7.21.1.2}{\376\377\0007\000.\0002\0001\000.\0001\000.\0002\000\040\000M\000A\000X\000\137\000T\000E\000M\000P}{subsection.7.21.1}% 201
\BOOKMARK [2][-]{subsection.7.21.2}{\376\377\0007\000.\0002\0001\000.\0002\000\040\000F\000u\000n\000c\000t\000i\000o\000n\000\040\000D\000o\000c\000u\000m\000e\000n\000t\000a\000t\000i\000o\000n}{section.7.21}% 202
\BOOKMARK [3][-]{subsubsection.7.21.2.1}{\376\377\0007\000.\0002\0001\000.\0002\000.\0001\000\040\000m\000a\000i\000n\000\050\000\051}{subsection.7.21.2}% 203
\BOOKMARK [1][-]{section.7.22}{\376\377\0007\000.\0002\0002\000\040\000S\000l\000a\000v\000e\000/\000m\000a\000i\000n\000.\000c\000\040\000F\000i\000l\000e\000\040\000R\000e\000f\000e\000r\000e\000n\000c\000e}{chapter.7}% 204
\BOOKMARK [2][-]{subsection.7.22.1}{\376\377\0007\000.\0002\0002\000.\0001\000\040\000M\000a\000c\000r\000o\000\040\000D\000e\000f\000i\000n\000i\000t\000i\000o\000n\000\040\000D\000o\000c\000u\000m\000e\000n\000t\000a\000t\000i\000o\000n}{section.7.22}% 205
\BOOKMARK [3][-]{subsubsection.7.22.1.1}{\376\377\0007\000.\0002\0002\000.\0001\000.\0001\000\040\000F\000\137\000C\000P\000U}{subsection.7.22.1}% 206
\BOOKMARK [2][-]{subsection.7.22.2}{\376\377\0007\000.\0002\0002\000.\0002\000\040\000F\000u\000n\000c\000t\000i\000o\000n\000\040\000D\000o\000c\000u\000m\000e\000n\000t\000a\000t\000i\000o\000n}{section.7.22}% 207
\BOOKMARK [3][-]{subsubsection.7.22.2.1}{\376\377\0007\000.\0002\0002\000.\0002\000.\0001\000\040\000I\000S\000R\000\050\000\051}{subsection.7.22.2}% 208
\BOOKMARK [3][-]{subsubsection.7.22.2.2}{\376\377\0007\000.\0002\0002\000.\0002\000.\0002\000\040\000m\000a\000i\000n\000\050\000\051}{subsection.7.22.2}% 209
\BOOKMARK [3][-]{subsubsection.7.22.2.3}{\376\377\0007\000.\0002\0002\000.\0002\000.\0003\000\040\000S\000l\000a\000v\000e\000\137\000I\000n\000i\000t\000\050\000\051}{subsection.7.22.2}% 210
\BOOKMARK [2][-]{subsection.7.22.3}{\376\377\0007\000.\0002\0002\000.\0003\000\040\000V\000a\000r\000i\000a\000b\000l\000e\000\040\000D\000o\000c\000u\000m\000e\000n\000t\000a\000t\000i\000o\000n}{section.7.22}% 211
\BOOKMARK [3][-]{subsubsection.7.22.3.1}{\376\377\0007\000.\0002\0002\000.\0003\000.\0001\000\040\000r\000e\000g}{subsection.7.22.3}% 212
\BOOKMARK [3][-]{subsubsection.7.22.3.2}{\376\377\0007\000.\0002\0002\000.\0003\000.\0002\000\040\000v\000a\000l}{subsection.7.22.3}% 213
\BOOKMARK [1][-]{section.7.23}{\376\377\0007\000.\0002\0003\000\040\000M\000a\000s\000t\000e\000r\000/\000S\000e\000t\000u\000p\000/\000s\000t\000d\000i\000o\000\137\000s\000e\000t\000u\000p\000.\000c\000\040\000F\000i\000l\000e\000\040\000R\000e\000f\000e\000r\000e\000n\000c\000e}{chapter.7}% 214
\BOOKMARK [2][-]{subsection.7.23.1}{\376\377\0007\000.\0002\0003\000.\0001\000\040\000M\000a\000c\000r\000o\000\040\000D\000e\000f\000i\000n\000i\000t\000i\000o\000n\000\040\000D\000o\000c\000u\000m\000e\000n\000t\000a\000t\000i\000o\000n}{section.7.23}% 215
\BOOKMARK [3][-]{subsubsection.7.23.1.1}{\376\377\0007\000.\0002\0003\000.\0001\000.\0001\000\040\000B\000A\000U\000D}{subsection.7.23.1}% 216
\BOOKMARK [3][-]{subsubsection.7.23.1.2}{\376\377\0007\000.\0002\0003\000.\0001\000.\0002\000\040\000B\000A\000U\000D\000\137\000T\000O\000L}{subsection.7.23.1}% 217
\BOOKMARK [3][-]{subsubsection.7.23.1.3}{\376\377\0007\000.\0002\0003\000.\0001\000.\0003\000\040\000F\000\137\000C\000P\000U}{subsection.7.23.1}% 218
\BOOKMARK [2][-]{subsection.7.23.2}{\376\377\0007\000.\0002\0003\000.\0002\000\040\000F\000u\000n\000c\000t\000i\000o\000n\000\040\000D\000o\000c\000u\000m\000e\000n\000t\000a\000t\000i\000o\000n}{section.7.23}% 219
\BOOKMARK [3][-]{subsubsection.7.23.2.1}{\376\377\0007\000.\0002\0003\000.\0002\000.\0001\000\040\000U\000a\000r\000t\000G\000e\000t\000c\000h\000a\000r\000\050\000\051}{subsection.7.23.2}% 220
\BOOKMARK [3][-]{subsubsection.7.23.2.2}{\376\377\0007\000.\0002\0003\000.\0002\000.\0002\000\040\000U\000a\000r\000t\000I\000n\000i\000t\000\050\000\051}{subsection.7.23.2}% 221
\BOOKMARK [3][-]{subsubsection.7.23.2.3}{\376\377\0007\000.\0002\0003\000.\0002\000.\0003\000\040\000U\000a\000r\000t\000P\000u\000t\000c\000h\000a\000r\000\050\000\051}{subsection.7.23.2}% 222
\BOOKMARK [2][-]{subsection.7.23.3}{\376\377\0007\000.\0002\0003\000.\0003\000\040\000V\000a\000r\000i\000a\000b\000l\000e\000\040\000D\000o\000c\000u\000m\000e\000n\000t\000a\000t\000i\000o\000n}{section.7.23}% 223
\BOOKMARK [3][-]{subsubsection.7.23.3.1}{\376\377\0007\000.\0002\0003\000.\0003\000.\0001\000\040\000t\000h\000e\000\137\000s\000t\000d\000i\000o}{subsection.7.23.3}% 224
\BOOKMARK [1][-]{section.7.24}{\376\377\0007\000.\0002\0004\000\040\000S\000l\000a\000v\000e\000/\000s\000t\000d\000i\000o\000\137\000s\000e\000t\000u\000p\000.\000c\000\040\000F\000i\000l\000e\000\040\000R\000e\000f\000e\000r\000e\000n\000c\000e}{chapter.7}% 225
\BOOKMARK [2][-]{subsection.7.24.1}{\376\377\0007\000.\0002\0004\000.\0001\000\040\000M\000a\000c\000r\000o\000\040\000D\000e\000f\000i\000n\000i\000t\000i\000o\000n\000\040\000D\000o\000c\000u\000m\000e\000n\000t\000a\000t\000i\000o\000n}{section.7.24}% 226
\BOOKMARK [3][-]{subsubsection.7.24.1.1}{\376\377\0007\000.\0002\0004\000.\0001\000.\0001\000\040\000B\000A\000U\000D}{subsection.7.24.1}% 227
\BOOKMARK [3][-]{subsubsection.7.24.1.2}{\376\377\0007\000.\0002\0004\000.\0001\000.\0002\000\040\000B\000A\000U\000D\000\137\000T\000O\000L}{subsection.7.24.1}% 228
\BOOKMARK [2][-]{subsection.7.24.2}{\376\377\0007\000.\0002\0004\000.\0002\000\040\000F\000u\000n\000c\000t\000i\000o\000n\000\040\000D\000o\000c\000u\000m\000e\000n\000t\000a\000t\000i\000o\000n}{section.7.24}% 229
\BOOKMARK [3][-]{subsubsection.7.24.2.1}{\376\377\0007\000.\0002\0004\000.\0002\000.\0001\000\040\000U\000a\000r\000t\000G\000e\000t\000c\000h\000a\000r\000\050\000\051}{subsection.7.24.2}% 230
\BOOKMARK [3][-]{subsubsection.7.24.2.2}{\376\377\0007\000.\0002\0004\000.\0002\000.\0002\000\040\000U\000a\000r\000t\000I\000n\000i\000t\000\050\000\051}{subsection.7.24.2}% 231
\BOOKMARK [3][-]{subsubsection.7.24.2.3}{\376\377\0007\000.\0002\0004\000.\0002\000.\0003\000\040\000U\000a\000r\000t\000P\000u\000t\000c\000h\000a\000r\000\050\000\051}{subsection.7.24.2}% 232
\BOOKMARK [2][-]{subsection.7.24.3}{\376\377\0007\000.\0002\0004\000.\0003\000\040\000V\000a\000r\000i\000a\000b\000l\000e\000\040\000D\000o\000c\000u\000m\000e\000n\000t\000a\000t\000i\000o\000n}{section.7.24}% 233
\BOOKMARK [3][-]{subsubsection.7.24.3.1}{\376\377\0007\000.\0002\0004\000.\0003\000.\0001\000\040\000t\000h\000e\000\137\000s\000t\000d\000i\000o}{subsection.7.24.3}% 234
\BOOKMARK [1][-]{section.7.25}{\376\377\0007\000.\0002\0005\000\040\000M\000a\000s\000t\000e\000r\000/\000S\000e\000t\000u\000p\000/\000s\000t\000d\000i\000o\000\137\000s\000e\000t\000u\000p\000.\000h\000\040\000F\000i\000l\000e\000\040\000R\000e\000f\000e\000r\000e\000n\000c\000e}{chapter.7}% 235
\BOOKMARK [2][-]{subsection.7.25.1}{\376\377\0007\000.\0002\0005\000.\0001\000\040\000F\000u\000n\000c\000t\000i\000o\000n\000\040\000D\000o\000c\000u\000m\000e\000n\000t\000a\000t\000i\000o\000n}{section.7.25}% 236
\BOOKMARK [3][-]{subsubsection.7.25.1.1}{\376\377\0007\000.\0002\0005\000.\0001\000.\0001\000\040\000U\000a\000r\000t\000I\000n\000i\000t\000\050\000\051}{subsection.7.25.1}% 237
\BOOKMARK [1][-]{section.7.26}{\376\377\0007\000.\0002\0006\000\040\000S\000l\000a\000v\000e\000/\000s\000t\000d\000i\000o\000\137\000s\000e\000t\000u\000p\000.\000h\000\040\000F\000i\000l\000e\000\040\000R\000e\000f\000e\000r\000e\000n\000c\000e}{chapter.7}% 238
\BOOKMARK [2][-]{subsection.7.26.1}{\376\377\0007\000.\0002\0006\000.\0001\000\040\000F\000u\000n\000c\000t\000i\000o\000n\000\040\000D\000o\000c\000u\000m\000e\000n\000t\000a\000t\000i\000o\000n}{section.7.26}% 239
\BOOKMARK [3][-]{subsubsection.7.26.1.1}{\376\377\0007\000.\0002\0006\000.\0001\000.\0001\000\040\000U\000a\000r\000t\000I\000n\000i\000t\000\050\000\051}{subsection.7.26.1}% 240
\BOOKMARK [1][-]{section.7.27}{\376\377\0007\000.\0002\0007\000\040\000P\000r\000o\000j\000e\000k\000t\000/\000D\000e\000b\000u\000g\000/\000D\000H\000T\0001\0001\000/\000D\000H\000T\0001\0001\000.\000d\000\040\000F\000i\000l\000e\000\040\000R\000e\000f\000e\000r\000e\000n\000c\000e}{chapter.7}% 241
\BOOKMARK [1][-]{section.7.28}{\376\377\0007\000.\0002\0008\000\040\000P\000r\000o\000j\000e\000k\000t\000/\000D\000e\000b\000u\000g\000/\000i\0002\000c\000/\000t\000w\000i\000m\000a\000s\000t\000e\000r\000.\000d\000\040\000F\000i\000l\000e\000\040\000R\000e\000f\000e\000r\000e\000n\000c\000e}{chapter.7}% 242
\BOOKMARK [1][-]{section.7.29}{\376\377\0007\000.\0002\0009\000\040\000P\000r\000o\000j\000e\000k\000t\000/\000D\000e\000b\000u\000g\000/\000R\000T\000C\000/\000R\000T\000C\000.\000d\000\040\000F\000i\000l\000e\000\040\000R\000e\000f\000e\000r\000e\000n\000c\000e}{chapter.7}% 243
\BOOKMARK [1][-]{section.7.30}{\376\377\0007\000.\0003\0000\000\040\000R\000T\000C\000l\000i\000b\000/\000D\000e\000b\000u\000g\000/\000R\000T\000C\000l\000i\000b\000r\000a\000r\000y\000.\000d\000\040\000F\000i\000l\000e\000\040\000R\000e\000f\000e\000r\000e\000n\000c\000e}{chapter.7}% 244
\BOOKMARK [1][-]{section.7.31}{\376\377\0007\000.\0003\0001\000\040\000R\000T\000C\000l\000i\000b\000/\000R\000T\000C\000l\000i\000b\000r\000a\000r\000y\000.\000c\000\040\000F\000i\000l\000e\000\040\000R\000e\000f\000e\000r\000e\000n\000c\000e}{chapter.7}% 245
\BOOKMARK [2][-]{subsection.7.31.1}{\376\377\0007\000.\0003\0001\000.\0001\000\040\000M\000a\000c\000r\000o\000\040\000D\000e\000f\000i\000n\000i\000t\000i\000o\000n\000\040\000D\000o\000c\000u\000m\000e\000n\000t\000a\000t\000i\000o\000n}{section.7.31}% 246
\BOOKMARK [3][-]{subsubsection.7.31.1.1}{\376\377\0007\000.\0003\0001\000.\0001\000.\0001\000\040\000F\000\137\000C\000P\000U}{subsection.7.31.1}% 247
\BOOKMARK [1][-]{section.7.32}{\376\377\0007\000.\0003\0002\000\040\000R\000T\000C\000l\000i\000b\000/\000R\000T\000C\000l\000i\000b\000r\000a\000r\000y\000.\000h\000\040\000F\000i\000l\000e\000\040\000R\000e\000f\000e\000r\000e\000n\000c\000e}{chapter.7}% 248
\BOOKMARK [1][-]{section.7.33}{\376\377\0007\000.\0003\0003\000\040\000S\000P\000I\000l\000i\000b\000/\000D\000e\000b\000u\000g\000/\000S\000P\000I\000l\000i\000b\000r\000a\000r\000y\000.\000d\000\040\000F\000i\000l\000e\000\040\000R\000e\000f\000e\000r\000e\000n\000c\000e}{chapter.7}% 249
\BOOKMARK [1][-]{section.7.34}{\376\377\0007\000.\0003\0004\000\040\000S\000P\000I\000l\000i\000b\000/\000S\000P\000I\000l\000i\000b\000r\000a\000r\000y\000.\000c\000\040\000F\000i\000l\000e\000\040\000R\000e\000f\000e\000r\000e\000n\000c\000e}{chapter.7}% 250
\BOOKMARK [2][-]{subsection.7.34.1}{\376\377\0007\000.\0003\0004\000.\0001\000\040\000M\000a\000c\000r\000o\000\040\000D\000e\000f\000i\000n\000i\000t\000i\000o\000n\000\040\000D\000o\000c\000u\000m\000e\000n\000t\000a\000t\000i\000o\000n}{section.7.34}% 251
\BOOKMARK [3][-]{subsubsection.7.34.1.1}{\376\377\0007\000.\0003\0004\000.\0001\000.\0001\000\040\000F\000\137\000C\000P\000U}{subsection.7.34.1}% 252
\BOOKMARK [2][-]{subsection.7.34.2}{\376\377\0007\000.\0003\0004\000.\0002\000\040\000F\000u\000n\000c\000t\000i\000o\000n\000\040\000D\000o\000c\000u\000m\000e\000n\000t\000a\000t\000i\000o\000n}{section.7.34}% 253
\BOOKMARK [3][-]{subsubsection.7.34.2.1}{\376\377\0007\000.\0003\0004\000.\0002\000.\0001\000\040\000S\000P\000I\000\137\000I\000n\000i\000t\000\050\000\051}{subsection.7.34.2}% 254
\BOOKMARK [3][-]{subsubsection.7.34.2.2}{\376\377\0007\000.\0003\0004\000.\0002\000.\0002\000\040\000S\000P\000I\000\137\000R\000e\000a\000d\000\050\000\051}{subsection.7.34.2}% 255
\BOOKMARK [3][-]{subsubsection.7.34.2.3}{\376\377\0007\000.\0003\0004\000.\0002\000.\0003\000\040\000S\000P\000I\000\137\000W\000r\000i\000t\000e\000\050\000\051}{subsection.7.34.2}% 256
\BOOKMARK [3][-]{subsubsection.7.34.2.4}{\376\377\0007\000.\0003\0004\000.\0002\000.\0004\000\040\000S\000P\000I\000\137\000W\000r\000i\000t\000e\000D\000a\000t\000a\000\050\000\051}{subsection.7.34.2}% 257
\BOOKMARK [1][-]{section.7.35}{\376\377\0007\000.\0003\0005\000\040\000S\000P\000I\000l\000i\000b\000/\000S\000P\000I\000l\000i\000b\000r\000a\000r\000y\000.\000h\000\040\000F\000i\000l\000e\000\040\000R\000e\000f\000e\000r\000e\000n\000c\000e}{chapter.7}% 258
\BOOKMARK [2][-]{subsection.7.35.1}{\376\377\0007\000.\0003\0005\000.\0001\000\040\000M\000a\000c\000r\000o\000\040\000D\000e\000f\000i\000n\000i\000t\000i\000o\000n\000\040\000D\000o\000c\000u\000m\000e\000n\000t\000a\000t\000i\000o\000n}{section.7.35}% 259
\BOOKMARK [3][-]{subsubsection.7.35.1.1}{\376\377\0007\000.\0003\0005\000.\0001\000.\0001\000\040\000B\000A\000U\000D}{subsection.7.35.1}% 260
\BOOKMARK [3][-]{subsubsection.7.35.1.2}{\376\377\0007\000.\0003\0005\000.\0001\000.\0002\000\040\000B\000A\000U\000D\000\137\000T\000O\000L}{subsection.7.35.1}% 261
\BOOKMARK [3][-]{subsubsection.7.35.1.3}{\376\377\0007\000.\0003\0005\000.\0001\000.\0003\000\040\000F\000\137\000C\000P\000U}{subsection.7.35.1}% 262
\BOOKMARK [3][-]{subsubsection.7.35.1.4}{\376\377\0007\000.\0003\0005\000.\0001\000.\0004\000\040\000S\000S\000\137\000D\000I\000S\000A\000B\000L\000E}{subsection.7.35.1}% 263
\BOOKMARK [3][-]{subsubsection.7.35.1.5}{\376\377\0007\000.\0003\0005\000.\0001\000.\0005\000\040\000S\000S\000\137\000E\000N\000A\000B\000L\000E}{subsection.7.35.1}% 264
\BOOKMARK [2][-]{subsection.7.35.2}{\376\377\0007\000.\0003\0005\000.\0002\000\040\000F\000u\000n\000c\000t\000i\000o\000n\000\040\000D\000o\000c\000u\000m\000e\000n\000t\000a\000t\000i\000o\000n}{section.7.35}% 265
\BOOKMARK [3][-]{subsubsection.7.35.2.1}{\376\377\0007\000.\0003\0005\000.\0002\000.\0001\000\040\000S\000P\000I\000\137\000I\000n\000i\000t\000\050\000\051}{subsection.7.35.2}% 266
\BOOKMARK [3][-]{subsubsection.7.35.2.2}{\376\377\0007\000.\0003\0005\000.\0002\000.\0002\000\040\000S\000P\000I\000\137\000R\000e\000a\000d\000\050\000\051}{subsection.7.35.2}% 267
\BOOKMARK [3][-]{subsubsection.7.35.2.3}{\376\377\0007\000.\0003\0005\000.\0002\000.\0003\000\040\000S\000P\000I\000\137\000W\000r\000i\000t\000e\000\050\000\051}{subsection.7.35.2}% 268
\BOOKMARK [3][-]{subsubsection.7.35.2.4}{\376\377\0007\000.\0003\0005\000.\0002\000.\0004\000\040\000S\000P\000I\000\137\000W\000r\000i\000t\000e\000D\000a\000t\000a\000\050\000\051}{subsection.7.35.2}% 269
\BOOKMARK [0][-]{section*.71}{\376\377\000I\000n\000d\000e\000x}{}% 270
